C:\USERS\ADMINISTRATOR\DOCUMENTS\VISUAL STUDIO 2010\PROJECTS\TCPCLIENT\DEBUG\TCPCLIENT.EXE
C:\USERS\ADMINISTRATOR\DOCUMENTS\VISUAL STUDIO 2010\PROJECTS\TCPCLIENT\DEBUG\TCPCLIENT.ILK
C:\USERS\ADMINISTRATOR\DOCUMENTS\VISUAL STUDIO 2010\PROJECTS\TCPCLIENT\DEBUG\TCPCLIENT.PDB
C:\USERS\ADMINISTRATOR\DOCUMENTS\VISUAL STUDIO 2010\PROJECTS\TCPCLIENT\TCPCLIENT\DEBUG\TCPCLIENT.EXE.EMBED.MANIFEST
C:\USERS\ADMINISTRATOR\DOCUMENTS\VISUAL STUDIO 2010\PROJECTS\TCPCLIENT\TCPCLIENT\DEBUG\TCPCLIENT.EXE.EMBED.MANIFEST.RES
C:\USERS\ADMINISTRATOR\DOCUMENTS\VISUAL STUDIO 2010\PROJECTS\TCPCLIENT\TCPCLIENT\DEBUG\TCPCLIENT.EXE.INTERMEDIATE.MANIFEST
C:\USERS\ADMINISTRATOR\DOCUMENTS\VISUAL STUDIO 2010\PROJECTS\TCPCLIENT\TCPCLIENT\DEBUG\TCPCLIENT.OBJ
C:\USERS\ADMINISTRATOR\DOCUMENTS\VISUAL STUDIO 2010\PROJECTS\TCPCLIENT\TCPCLIENT\DEBUG\VC100.PDB
E:\git\learngit\TCPClient\Debug\TCPClient.exe
E:\git\learngit\TCPClient\Debug\TCPClient.ilk
E:\git\learngit\TCPClient\Debug\TCPClient.pdb
E:\git\learngit\TCPClient\TCPClient\Debug\cl.command.1.tlog
E:\git\learngit\TCPClient\TCPClient\Debug\CL.read.1.tlog
E:\git\learngit\TCPClient\TCPClient\Debug\CL.write.1.tlog
E:\git\learngit\TCPClient\TCPClient\Debug\link.7696.read.1.tlog
E:\git\learngit\TCPClient\TCPClient\Debug\link.7696.write.1.tlog
E:\git\learngit\TCPClient\TCPClient\Debug\link.7696-cvtres.read.1.tlog
E:\git\learngit\TCPClient\TCPClient\Debug\link.7696-cvtres.write.1.tlog
E:\git\learngit\TCPClient\TCPClient\Debug\link.command.1.tlog
E:\git\learngit\TCPClient\TCPClient\Debug\link.read.1.tlog
E:\git\learngit\TCPClient\TCPClient\Debug\link.write.1.tlog
E:\git\learngit\TCPClient\TCPClient\Debug\link-cvtres.read.1.tlog
E:\git\learngit\TCPClient\TCPClient\Debug\link-cvtres.write.1.tlog
E:\git\learngit\TCPClient\TCPClient\Debug\mt.command.1.tlog
E:\git\learngit\TCPClient\TCPClient\Debug\mt.read.1.tlog
E:\git\learngit\TCPClient\TCPClient\Debug\mt.write.1.tlog
E:\git\learngit\TCPClient\TCPClient\Debug\rc.command.1.tlog
E:\git\learngit\TCPClient\TCPClient\Debug\rc.read.1.tlog
E:\git\learngit\TCPClient\TCPClient\Debug\rc.write.1.tlog
E:\git\learngit\TCPClient\TCPClient\Debug\TCPClient.exe.embed.manifest
E:\git\learngit\TCPClient\TCPClient\Debug\TCPClient.exe.embed.manifest.res
E:\git\learngit\TCPClient\TCPClient\Debug\TCPClient.exe.intermediate.manifest
E:\git\learngit\TCPClient\TCPClient\Debug\TcpClient.obj
E:\git\learngit\TCPClient\TCPClient\Debug\TCPClient.write.1.tlog
E:\git\learngit\TCPClient\TCPClient\Debug\TCPClient_manifest.rc
E:\git\learngit\TCPClient\TCPClient\Debug\vc100.idb
E:\git\learngit\TCPClient\TCPClient\Debug\vc100.pdb
