生成启动时间为 2019/4/15 星期一 下午 2:35:38。
     1>项目“c:\Users\administrator\documents\visual studio 2010\Projects\UDPClient\UDPClient\UDPClient.vcxproj”在节点 2 上(build 个目标)。
     1>InitializeBuildStatus:
         正在创建“Debug\UDPClient.unsuccessfulbuild”，因为已指定“AlwaysCreate”。
       ClCompile:
         C:\Program Files (x86)\Microsoft Visual Studio 10.0\VC\bin\CL.exe /c /ZI /nologo /W3 /WX- /Od /Oy- /D WIN32 /D _DEBUG /D _CONSOLE /D _UNICODE /D UNICODE /Gm /EHsc /RTC1 /MDd /GS /fp:precise /Zc:wchar_t /Zc:forScope /Fo"Debug\\" /Fd"Debug\vc100.pdb" /Gd /TP /analyze- /errorReport:prompt UdpClient.cpp
         UdpClient.cpp
       ManifestResourceCompile:
         所有输出均为最新。
       Link:
         C:\Program Files (x86)\Microsoft Visual Studio 10.0\VC\bin\link.exe /ERRORREPORT:PROMPT /OUT:"c:\users\administrator\documents\visual studio 2010\Projects\UDPClient\Debug\UDPClient.exe" /INCREMENTAL /NOLOGO kernel32.lib user32.lib gdi32.lib winspool.lib comdlg32.lib advapi32.lib shell32.lib ole32.lib oleaut32.lib uuid.lib odbc32.lib odbccp32.lib kernel32.lib user32.lib gdi32.lib winspool.lib comdlg32.lib advapi32.lib shell32.lib ole32.lib oleaut32.lib uuid.lib odbc32.lib odbccp32.lib ws2_32.lib /MANIFEST /ManifestFile:"Debug\UDPClient.exe.intermediate.manifest" /MANIFESTUAC:"level='asInvoker' uiAccess='false'" /DEBUG /PDB:"c:\users\administrator\documents\visual studio 2010\Projects\UDPClient\Debug\UDPClient.pdb" /SUBSYSTEM:CONSOLE /TLBID:1 /DYNAMICBASE /NXCOMPAT /IMPLIB:"c:\users\administrator\documents\visual studio 2010\Projects\UDPClient\Debug\UDPClient.lib" /MACHINE:X86 Debug\UDPClient.exe.embed.manifest.res
         Debug\UdpClient.obj
       Manifest:
         C:\Program Files (x86)\Microsoft SDKs\Windows\v7.0A\bin\mt.exe /nologo /verbose /out:"Debug\UDPClient.exe.embed.manifest" /manifest Debug\UDPClient.exe.intermediate.manifest
         所有输出均为最新。
       LinkEmbedManifest:
         所有输出均为最新。
         UDPClient.vcxproj -> c:\users\administrator\documents\visual studio 2010\Projects\UDPClient\Debug\UDPClient.exe
       FinalizeBuildStatus:
         正在删除文件“Debug\UDPClient.unsuccessfulbuild”。
         正在对“Debug\UDPClient.lastbuildstate”执行 Touch 任务。
     1>已完成生成项目“c:\Users\administrator\documents\visual studio 2010\Projects\UDPClient\UDPClient\UDPClient.vcxproj”(build 个目标)的操作。

生成成功。

已用时间 00:00:00.94
